
--------------------------------------------------
TXLib соболезнует...

Программа: C:\Елаев А\Мультфильм\Гравитация\bin\Debug\Гравитация.exe, файл: c:\codeblocks\codeblocks\mingw\include\txlib.h, строка: 13751, функция: bool {anonymous}::TX::txTransparentBlt(HDC, double, double, double, double, HDC, double, double, COLORREF),

Сообщение: Параметр "sourceImage" неверен. Возможно, этот холст не создан, или уже уничтожен, или не загрузилась картинка.

#1: TXLib [Ver: 00173a, Rev: 173, Date: 2024-06-23 22:37:05 +0400], Instance: 0x005062FC (32-bit), Flags: CMdRe0, Thread: 0x118C (Main), GetLastError(): 13 (Недопустимые данные). 

--------------------------------------------------
Стек вызовов:



--------------------------------------------------
Стек вызовов TX:

# 0 in bool {anonymous}::TX::txTransparentBlt(HDC, double, double, double, double, HDC, double, double, COLORREF) at c:\codeblocks\codeblocks\mingw\include\txlib.h:13751:

  13749: 
  13750: $1  if (_TX_HDC_FAILED (destImage))   return false;
=>13751: $   if (_TX_HDC_FAILED (sourceImage)) return false;
  13752: 
  13753:     // Это автоматическое определение размеров картинки (точнее, HDC источника - source) с помощью txGetExtent().

# 1 in void Mario::draw() at C:\Елаев А\Мультфильм\Гравитация\main.cpp:18:

     16:     void draw()
     17:     {
=>   18:        txTransparentBlt(txDC(), x, y, w, h, image, 0, 0, TX_WHITE);
     19:     }
     20: };

--------------------------------------------------
Developed with:

The Dumb Artist Library (TX Library)
TXLib [Ver: 00173a, Rev: 173, Date: 2024-06-23 22:37:05 +0400]
Copyright (C) Ded (Ilya Dedinsky, http://txlib.ru) <mail@txlib.ru>
See license on: http://txlib.ru

TXLib file:	c:\codeblocks\codeblocks\mingw\include\txlib.h
Compiled:	Dec 17 2024 09:54:48, GNU g++ 4.8.1, std=201103L, MinGW Runtime 3.20, 32-bit, DEBUG
Started:	Dec 17 2024 09:55:06

Run file:	C:\Елаев А\Мультфильм\Гравитация\bin\Debug\Гравитация.exe
Directory:	C:\Елаев А\Мультфильм\Гравитация

--------------------------------------------------

--------------------------------------------------
TXLib соболезнует...

Программа: C:\Елаев А\Мультфильм\Гравитация\bin\Debug\Гравитация.exe, файл: c:\codeblocks\codeblocks\mingw\include\txlib.h, строка: 13751, функция: bool {anonymous}::TX::txTransparentBlt(HDC, double, double, double, double, HDC, double, double, COLORREF),

Сообщение: Параметр "sourceImage" неверен. Возможно, этот холст не создан, или уже уничтожен, или не загрузилась картинка.

#1: TXLib [Ver: 00173a, Rev: 173, Date: 2024-06-23 22:37:05 +0400], Instance: 0x005062FC (32-bit), Flags: CMdRe0, Thread: 0xC3C (Main), GetLastError(): 13 (Недопустимые данные). 

--------------------------------------------------
Стек вызовов:



--------------------------------------------------
Стек вызовов TX:

# 0 in bool {anonymous}::TX::txTransparentBlt(HDC, double, double, double, double, HDC, double, double, COLORREF) at c:\codeblocks\codeblocks\mingw\include\txlib.h:13751:

  13749: 
  13750: $1  if (_TX_HDC_FAILED (destImage))   return false;
=>13751: $   if (_TX_HDC_FAILED (sourceImage)) return false;
  13752: 
  13753:     // Это автоматическое определение размеров картинки (точнее, HDC источника - source) с помощью txGetExtent().

# 1 in void Mario::draw() at C:\Елаев А\Мультфильм\Гравитация\main.cpp:18:

     16:     void draw()
     17:     {
=>   18:        txTransparentBlt(txDC(), x, y, w, h, image, 0, 0, TX_WHITE);
     19:     }
     20: };

--------------------------------------------------
Developed with:

The Dumb Artist Library (TX Library)
TXLib [Ver: 00173a, Rev: 173, Date: 2024-06-23 22:37:05 +0400]
Copyright (C) Ded (Ilya Dedinsky, http://txlib.ru) <mail@txlib.ru>
See license on: http://txlib.ru

TXLib file:	c:\codeblocks\codeblocks\mingw\include\txlib.h
Compiled:	Dec 17 2024 09:56:06, GNU g++ 4.8.1, std=201103L, MinGW Runtime 3.20, 32-bit, DEBUG
Started:	Dec 17 2024 09:56:23

Run file:	C:\Елаев А\Мультфильм\Гравитация\bin\Debug\Гравитация.exe
Directory:	C:\Елаев А\Мультфильм\Гравитация

--------------------------------------------------

--------------------------------------------------
TXLib соболезнует...

Программа: C:\Елаев А\Мультфильм\Гравитация\bin\Debug\Гравитация.exe, файл: c:\codeblocks\codeblocks\mingw\include\txlib.h, строка: 13751, функция: bool {anonymous}::TX::txTransparentBlt(HDC, double, double, double, double, HDC, double, double, COLORREF),

Сообщение: Параметр "sourceImage" неверен. Возможно, этот холст не создан, или уже уничтожен, или не загрузилась картинка.

#1: TXLib [Ver: 00173a, Rev: 173, Date: 2024-06-23 22:37:05 +0400], Instance: 0x005062FC (32-bit), Flags: CMdRe0, Thread: 0x12F4 (Main), GetLastError(): 13 (Недопустимые данные). 

--------------------------------------------------
Стек вызовов:



--------------------------------------------------
Стек вызовов TX:

# 0 in bool {anonymous}::TX::txTransparentBlt(HDC, double, double, double, double, HDC, double, double, COLORREF) at c:\codeblocks\codeblocks\mingw\include\txlib.h:13751:

  13749: 
  13750: $1  if (_TX_HDC_FAILED (destImage))   return false;
=>13751: $   if (_TX_HDC_FAILED (sourceImage)) return false;
  13752: 
  13753:     // Это автоматическое определение размеров картинки (точнее, HDC источника - source) с помощью txGetExtent().

# 1 in void Mario::draw() at C:\Елаев А\Мультфильм\Гравитация\main.cpp:18:

     16:     void draw()
     17:     {
=>   18:        txTransparentBlt(txDC(), x, y, w, h, image, 0, 0, TX_WHITE);
     19:     }
     20: };

--------------------------------------------------
Developed with:

The Dumb Artist Library (TX Library)
TXLib [Ver: 00173a, Rev: 173, Date: 2024-06-23 22:37:05 +0400]
Copyright (C) Ded (Ilya Dedinsky, http://txlib.ru) <mail@txlib.ru>
See license on: http://txlib.ru

TXLib file:	c:\codeblocks\codeblocks\mingw\include\txlib.h
Compiled:	Dec 17 2024 09:57:07, GNU g++ 4.8.1, std=201103L, MinGW Runtime 3.20, 32-bit, DEBUG
Started:	Dec 17 2024 09:57:24

Run file:	C:\Елаев А\Мультфильм\Гравитация\bin\Debug\Гравитация.exe
Directory:	C:\Елаев А\Мультфильм\Гравитация

--------------------------------------------------

--------------------------------------------------
TXLib соболезнует...

Программа: C:\Елаев А\Мультфильм\Гравитация\bin\Debug\Гравитация.exe, файл: c:\codeblocks\codeblocks\mingw\include\txlib.h, строка: 13751, функция: bool {anonymous}::TX::txTransparentBlt(HDC, double, double, double, double, HDC, double, double, COLORREF),

Сообщение: Параметр "sourceImage" неверен. Возможно, этот холст не создан, или уже уничтожен, или не загрузилась картинка.

#1: TXLib [Ver: 00173a, Rev: 173, Date: 2024-06-23 22:37:05 +0400], Instance: 0x005062FC (32-bit), Flags: CMdRe0, Thread: 0x1050 (Main), GetLastError(): 13 (Недопустимые данные). 

--------------------------------------------------
Стек вызовов:



--------------------------------------------------
Стек вызовов TX:

# 0 in bool {anonymous}::TX::txTransparentBlt(HDC, double, double, double, double, HDC, double, double, COLORREF) at c:\codeblocks\codeblocks\mingw\include\txlib.h:13751:

  13749: 
  13750: $1  if (_TX_HDC_FAILED (destImage))   return false;
=>13751: $   if (_TX_HDC_FAILED (sourceImage)) return false;
  13752: 
  13753:     // Это автоматическое определение размеров картинки (точнее, HDC источника - source) с помощью txGetExtent().

# 1 in void Mario::draw() at C:\Елаев А\Мультфильм\Гравитация\main.cpp:18:

     16:     void draw()
     17:     {
=>   18:        txTransparentBlt(txDC(), x, y, w, h, image, 0, 0, TX_WHITE);
     19:     }
     20: };

--------------------------------------------------
Developed with:

The Dumb Artist Library (TX Library)
TXLib [Ver: 00173a, Rev: 173, Date: 2024-06-23 22:37:05 +0400]
Copyright (C) Ded (Ilya Dedinsky, http://txlib.ru) <mail@txlib.ru>
See license on: http://txlib.ru

TXLib file:	c:\codeblocks\codeblocks\mingw\include\txlib.h
Compiled:	Dec 17 2024 09:58:06, GNU g++ 4.8.1, std=201103L, MinGW Runtime 3.20, 32-bit, DEBUG
Started:	Dec 17 2024 09:58:23

Run file:	C:\Елаев А\Мультфильм\Гравитация\bin\Debug\Гравитация.exe
Directory:	C:\Елаев А\Мультфильм\Гравитация

--------------------------------------------------

--------------------------------------------------
TXLib сообщает:

Программа: C:\Елаев А\Мультфильм\Гравитация\bin\Debug\Гравитация.exe, файл: c:\codeblocks\codeblocks\mingw\include\txlib.h, строка: 13772, функция: bool {anonymous}::TX::txTransparentBlt(HDC, double, double, double, double, HDC, double, double, COLORREF),

Сообщение: Прямоугольник копируемой области {0, 0, 80, 100} не полностью лежит внутри изображения-источника {0, 0, 100, 80}, функция txTransparentBlt() работать не будет.

#1: TXLib [Ver: 00173a, Rev: 173, Date: 2024-06-23 22:37:05 +0400], Instance: 0x005062FC (32-bit), Flags: CMdRe0, Thread: 0x1BBC (Main), GetLastError(): 13 (Недопустимые данные). 
From: c:\codeblocks\codeblocks\mingw\include\txlib.h:13771 bool {anonymous}::TX::txTransparentBlt(HDC, double, double, double, double, HDC, double, double, COLORREF).

--------------------------------------------------
Стек вызовов:



--------------------------------------------------
Стек вызовов TX:

# 0 in bool {anonymous}::TX::txTransparentBlt(HDC, double, double, double, double, HDC, double, double, COLORREF) at c:\codeblocks\codeblocks\mingw\include\txlib.h:13771:

  13769:         {
  13770: $       SetLastError (ERROR_INVALID_DATA);
=>13771: $       TX_ERROR ("Прямоугольник копируемой области {%g, %g, %g, %g} не полностью лежит внутри изображения-источника {%d, %d, %d, %d}, "
  13772:                   "функция txTransparentBlt() работать не будет.", xSource, ySource, xSource + width, ySource + height, 0, 0, (int) size.x, (int) size.y);
  13773:         }

# 1 in void Mario::draw() at C:\Елаев А\Мультфильм\Гравитация\main.cpp:18:

     16:     void draw()
     17:     {
=>   18:        txTransparentBlt(txDC(), x, y, w, h, image, 0, 0, TX_WHITE);
     19:     }
     20: };

--------------------------------------------------
Developed with:

The Dumb Artist Library (TX Library)
TXLib [Ver: 00173a, Rev: 173, Date: 2024-06-23 22:37:05 +0400]
Copyright (C) Ded (Ilya Dedinsky, http://txlib.ru) <mail@txlib.ru>
See license on: http://txlib.ru

TXLib file:	c:\codeblocks\codeblocks\mingw\include\txlib.h
Compiled:	Dec 17 2024 09:58:51, GNU g++ 4.8.1, std=201103L, MinGW Runtime 3.20, 32-bit, DEBUG
Started:	Dec 17 2024 09:59:09

Run file:	C:\Елаев А\Мультфильм\Гравитация\bin\Debug\Гравитация.exe
Directory:	C:\Елаев А\Мультфильм\Гравитация

--------------------------------------------------
